CRITICAL - 2025-01-26 11:33:20 --> Error: Class "App\Models\OuterModel\LoginModel" not found
[Method: GET, Route: /]
in APPPATH\Controllers\OuterController\Login.php on line 13.
 1 SYSTEMPATH\CodeIgniter.php(903): App\Controllers\OuterController\Login->__construct()
 2 SYSTEMPATH\CodeIgniter.php(500): CodeIgniter\CodeIgniter->createController()
 3 SYSTEMPATH\CodeIgniter.php(355): CodeIgniter\CodeIgniter->handleRequest(null, Object(Config\Cache), false)
 4 SYSTEMPATH\Boot.php(325): CodeIgniter\CodeIgniter->run()
 5 SYSTEMPATH\Boot.php(67): CodeIgniter\Boot::runCodeIgniter(Object(CodeIgniter\CodeIgniter))
 6 FCPATH\index.php(56): CodeIgniter\Boot::bootWeb(Object(Config\Paths))
 7 SYSTEMPATH\rewrite.php(44): require_once('D:\\laragon\\www\\B-STUDIO\\public\\index.php')
CRITICAL - 2025-01-26 11:33:46 --> Error: Class "App\Models\OuterModel\LoginModel" not found
[Method: GET, Route: /]
in APPPATH\Controllers\OuterController\Login.php on line 13.
 1 SYSTEMPATH\CodeIgniter.php(903): App\Controllers\OuterController\Login->__construct()
 2 SYSTEMPATH\CodeIgniter.php(500): CodeIgniter\CodeIgniter->createController()
 3 SYSTEMPATH\CodeIgniter.php(355): CodeIgniter\CodeIgniter->handleRequest(null, Object(Config\Cache), false)
 4 SYSTEMPATH\Boot.php(325): CodeIgniter\CodeIgniter->run()
 5 SYSTEMPATH\Boot.php(67): CodeIgniter\Boot::runCodeIgniter(Object(CodeIgniter\CodeIgniter))
 6 FCPATH\index.php(56): CodeIgniter\Boot::bootWeb(Object(Config\Paths))
 7 SYSTEMPATH\rewrite.php(44): require_once('D:\\laragon\\www\\B-STUDIO\\public\\index.php')
